<?xml version="1.0" encoding="UTF-8"?>
<!-- Generated by org.testng.reporters.JUnitReportReporter -->
<testsuite hostname="manish-singh" failures="0" tests="1" name="abc.ImageComparison" time="3.417" errors="0" timestamp="07 Feb 2019 20:39:18 GMT" skipped="0">
  <testcase classname="abc.ImageComparison" name="testImageComparison" time="3.417"/>
</testsuite> <!-- abc.ImageComparison -->
